[1m========================================================================== test session starts ==========================================================================
platform linux -- Python 3.9.19, pytest-6.2.2, py-1.11.0, pluggy-0.13.1 -- /home/meirof/miniconda3.10/envs/mlflow-acbfa4ee4aa9be3158264a605e4861dd8a78622b/bin/python
cachedir: .pytest_cache
rootdir: /mnt/c/wsl/mount/Udacity/DevOpsML/LessonsTraining/lesson-3-data-validation/exercises/exercise_9/starter
[1mcollected 1 item                                                                                                                                                        
test_data.py::test_kolmogorov_smirnov [31mFAILED
=============================================================================== FAILURES ================================================================================
[31m[1m________________________________________________________________________ test_kolmogorov_smirnov ________________________________________________________________________
data = (       Unnamed: 0  danceability  ...                                              title                              ...                                     NaN    EveryGirl In The World - Album Version (Edited)
[29382 rows x 19 columns])
ks_alpha = '0.05'
    def test_kolmogorov_smirnov(data,ks_alpha):
        sample1, sample2 = data
        columns = [
            "danceability",
            "energy",
            "loudness",
            "speechiness",
            "acousticness",
            "instrumentalness",
            "liveness",
            "valence",
            "tempo",
            "duration_ms"
        ]
        # Bonferroni correction for multiple hypothesis testing
        # (see my blog post on this topic to see where this comes from:
        # https://towardsdatascience.com/precision-and-recall-trade-off-and-multiple-hypothesis-testing-family-wise-error-rate-vs-false-71a85057ca2b)
>       alpha_prime = 1 - (1 - ks_alpha)**(1 / len(columns))
[31m[1mE       TypeError: unsupported operand type(s) for -: 'int' and 'str'
[31m[1mtest_data.py[39m[22m:26: TypeError
[33m=========================================================================== warnings summary ============================================================================
test_data.py: 14 warnings
  /home/meirof/miniconda3.10/envs/mlflow-acbfa4ee4aa9be3158264a605e4861dd8a78622b/lib/python3.9/site-packages/pandas/core/internals/concat.py:408: DeprecationWarning: np.find_common_type is deprecated.  Please use `np.result_type` or `np.promote_types`.
  See https://numpy.org/devdocs/release/1.25.0-notes.html and the docs for more information.  (Deprecated NumPy 1.25)
    common_dtype = np.find_common_type(upcast_classes, [])
-- Docs: https://docs.pytest.org/en/stable/warnings.html
======================================================================== short test summary info ========================================================================
FAILED test_data.py::test_kolmogorov_smirnov - TypeError: unsupported operand type(s) for -: 'int' and 'str'
[31m==================================================================== [1m1 failed[39m[22m, [33m14 warnings[31m in 4.54s =====================================================================